# JRE version: Java(TM) SE Runtime Environment (14.0.2+12) (build 14.0.2+12-46)
# Java VM: Java HotSpot(TM) 64-Bit Server VM (14.0.2+12-46, mixed mode, sharing, tiered, compressed oops, g1 gc, windows-amd64)
Heap:
 garbage-first heap   total 266240K, used 78942K [0x00000000c0000000, 0x0000000100000000)
  region size 1024K, 2 young (2048K), 1 survivors (1024K)
 Metaspace       used 10997K, capacity 12630K, committed 12800K, reserved 1060864K
  class space    used 1669K, capacity 2000K, committed 2048K, reserved 1048576K
GC Heap History (20 events):
Event: 127.420 GC heap before
{Heap before GC invocations=305 (full 28):
 garbage-first heap   total 266240K, used 235616K [0x00000000c0000000, 0x0000000100000000)
  region size 1024K, 154 young (157696K), 1 survivors (1024K)
 Metaspace       used 10997K, capacity 12630K, committed 12800K, reserved 1060864K
  class space    used 1669K, capacity 2000K, committed 2048K, reserved 1048576K
}
Event: 127.420 GC heap after
{Heap after GC invocations=306 (full 28):
 garbage-first heap   total 266240K, used 78938K [0x00000000c0000000, 0x0000000100000000)
  region size 1024K, 1 young (1024K), 1 survivors (1024K)
 Metaspace       used 10997K, capacity 12630K, committed 12800K, reserved 1060864K
  class space    used 1669K, capacity 2000K, committed 2048K, reserved 1048576K
}
Event: 127.869 GC heap before
{Heap before GC invocations=306 (full 28):
 garbage-first heap   total 266240K, used 235610K [0x00000000c0000000, 0x0000000100000000)
  region size 1024K, 154 young (157696K), 1 survivors (1024K)
 Metaspace       used 10997K, capacity 12630K, committed 12800K, reserved 1060864K
  class space    used 1669K, capacity 2000K, committed 2048K, reserved 1048576K
}
Event: 127.870 GC heap after
{Heap after GC invocations=307 (full 28):
 garbage-first heap   total 266240K, used 78984K [0x00000000c0000000, 0x0000000100000000)
  region size 1024K, 1 young (1024K), 1 survivors (1024K)
 Metaspace       used 10997K, capacity 12630K, committed 12800K, reserved 1060864K
  class space    used 1669K, capacity 2000K, committed 2048K, reserved 1048576K
}
Event: 128.344 GC heap before
{Heap before GC invocations=307 (full 28):
 garbage-first heap   total 266240K, used 235656K [0x00000000c0000000, 0x0000000100000000)
  region size 1024K, 154 young (157696K), 1 survivors (1024K)
 Metaspace       used 10997K, capacity 12630K, committed 12800K, reserved 1060864K
  class space    used 1669K, capacity 2000K, committed 2048K, reserved 1048576K
}
Event: 128.344 GC heap after
{Heap after GC invocations=308 (full 28):
 garbage-first heap   total 266240K, used 78942K [0x00000000c0000000, 0x0000000100000000)
  region size 1024K, 1 young (1024K), 1 survivors (1024K)
 Metaspace       used 10997K, capacity 12630K, committed 12800K, reserved 1060864K
  class space    used 1669K, capacity 2000K, committed 2048K, reserved 1048576K
}
Event: 128.842 GC heap before
{Heap before GC invocations=308 (full 28):
 garbage-first heap   total 266240K, used 235614K [0x00000000c0000000, 0x0000000100000000)
  region size 1024K, 154 young (157696K), 1 survivors (1024K)
 Metaspace       used 10997K, capacity 12630K, committed 12800K, reserved 1060864K
  class space    used 1669K, capacity 2000K, committed 2048K, reserved 1048576K
}
Event: 128.843 GC heap after
{Heap after GC invocations=309 (full 28):
 garbage-first heap   total 266240K, used 78954K [0x00000000c0000000, 0x0000000100000000)
  region size 1024K, 1 young (1024K), 1 survivors (1024K)
 Metaspace       used 10997K, capacity 12630K, committed 12800K, reserved 1060864K
  class space    used 1669K, capacity 2000K, committed 2048K, reserved 1048576K
}
Event: 129.323 GC heap before
{Heap before GC invocations=309 (full 28):
 garbage-first heap   total 266240K, used 235626K [0x00000000c0000000, 0x0000000100000000)
  region size 1024K, 154 young (157696K), 1 survivors (1024K)
 Metaspace       used 10997K, capacity 12630K, committed 12800K, reserved 1060864K
  class space    used 1669K, capacity 2000K, committed 2048K, reserved 1048576K
}
Event: 129.323 GC heap after
{Heap after GC invocations=310 (full 28):
 garbage-first heap   total 266240K, used 78940K [0x00000000c0000000, 0x0000000100000000)
  region size 1024K, 1 young (1024K), 1 survivors (1024K)
 Metaspace       used 10997K, capacity 12630K, committed 12800K, reserved 1060864K
  class space    used 1669K, capacity 2000K, committed 2048K, reserved 1048576K
}
Event: 129.727 GC heap before
{Heap before GC invocations=310 (full 28):
 garbage-first heap   total 266240K, used 235612K [0x00000000c0000000, 0x0000000100000000)
  region size 1024K, 154 young (157696K), 1 survivors (1024K)
 Metaspace       used 10997K, capacity 12630K, committed 12800K, reserved 1060864K
  class space    used 1669K, capacity 2000K, committed 2048K, reserved 1048576K
}
Event: 129.728 GC heap after
{Heap after GC invocations=311 (full 28):
 garbage-first heap   total 266240K, used 78958K [0x00000000c0000000, 0x0000000100000000)
  region size 1024K, 1 young (1024K), 1 survivors (1024K)
 Metaspace       used 10997K, capacity 12630K, committed 12800K, reserved 1060864K
  class space    used 1669K, capacity 2000K, committed 2048K, reserved 1048576K
}
Event: 130.236 GC heap before
{Heap before GC invocations=311 (full 28):
 garbage-first heap   total 266240K, used 235630K [0x00000000c0000000, 0x0000000100000000)
  region size 1024K, 154 young (157696K), 1 survivors (1024K)
 Metaspace       used 10997K, capacity 12630K, committed 12800K, reserved 1060864K
  class space    used 1669K, capacity 2000K, committed 2048K, reserved 1048576K
}
Event: 130.236 GC heap after
{Heap after GC invocations=312 (full 28):
 garbage-first heap   total 266240K, used 78936K [0x00000000c0000000, 0x0000000100000000)
  region size 1024K, 1 young (1024K), 1 survivors (1024K)
 Metaspace       used 10997K, capacity 12630K, committed 12800K, reserved 1060864K
  class space    used 1669K, capacity 2000K, committed 2048K, reserved 1048576K
}
Event: 130.785 GC heap before
{Heap before GC invocations=312 (full 28):
 garbage-first heap   total 266240K, used 235608K [0x00000000c0000000, 0x0000000100000000)
  region size 1024K, 154 young (157696K), 1 survivors (1024K)
 Metaspace       used 10997K, capacity 12630K, committed 12800K, reserved 1060864K
  class space    used 1669K, capacity 2000K, committed 2048K, reserved 1048576K
}
Event: 130.786 GC heap after
{Heap after GC invocations=313 (full 28):
 garbage-first heap   total 266240K, used 78942K [0x00000000c0000000, 0x0000000100000000)
  region size 1024K, 1 young (1024K), 1 survivors (1024K)
 Metaspace       used 10997K, capacity 12630K, committed 12800K, reserved 1060864K
  class space    used 1669K, capacity 2000K, committed 2048K, reserved 1048576K
}
Event: 131.261 GC heap before
{Heap before GC invocations=313 (full 28):
 garbage-first heap   total 266240K, used 235614K [0x00000000c0000000, 0x0000000100000000)
  region size 1024K, 154 young (157696K), 1 survivors (1024K)
 Metaspace       used 10997K, capacity 12630K, committed 12800K, reserved 1060864K
  class space    used 1669K, capacity 2000K, committed 2048K, reserved 1048576K
}
Event: 131.262 GC heap after
{Heap after GC invocations=314 (full 28):
 garbage-first heap   total 266240K, used 78944K [0x00000000c0000000, 0x0000000100000000)
  region size 1024K, 1 young (1024K), 1 survivors (1024K)
 Metaspace       used 10997K, capacity 12630K, committed 12800K, reserved 1060864K
  class space    used 1669K, capacity 2000K, committed 2048K, reserved 1048576K
}
Event: 131.895 GC heap before
{Heap before GC invocations=314 (full 28):
 garbage-first heap   total 266240K, used 235616K [0x00000000c0000000, 0x0000000100000000)
  region size 1024K, 154 young (157696K), 1 survivors (1024K)
 Metaspace       used 10997K, capacity 12630K, committed 12800K, reserved 1060864K
  class space    used 1669K, capacity 2000K, committed 2048K, reserved 1048576K
}
Event: 131.896 GC heap after
{Heap after GC invocations=315 (full 28):
 garbage-first heap   total 266240K, used 78942K [0x00000000c0000000, 0x0000000100000000)
  region size 1024K, 1 young (1024K), 1 survivors (1024K)
 Metaspace       used 10997K, capacity 12630K, committed 12800K, reserved 1060864K
  class space    used 1669K, capacity 2000K, committed 2048K, reserved 1048576K
}

