# JRE version: Java(TM) SE Runtime Environment (14.0.2+12) (build 14.0.2+12-46)
# Java VM: Java HotSpot(TM) 64-Bit Server VM (14.0.2+12-46, mixed mode, sharing, tiered, compressed oops, g1 gc, windows-amd64)
Heap:
 garbage-first heap   total 283648K, used 134754K [0x00000000c0000000, 0x0000000100000000)
  region size 1024K, 51 young (52224K), 0 survivors (0K)
 Metaspace       used 10909K, capacity 12535K, committed 12800K, reserved 1060864K
  class space    used 1679K, capacity 2000K, committed 2048K, reserved 1048576K
GC Heap History (20 events):
Event: 22.291 GC heap before
{Heap before GC invocations=42 (full 14):
 garbage-first heap   total 102400K, used 45192K [0x00000000c0000000, 0x0000000100000000)
  region size 1024K, 1 young (1024K), 0 survivors (0K)
 Metaspace       used 9946K, capacity 11620K, committed 11904K, reserved 1058816K
  class space    used 1557K, capacity 1883K, committed 1920K, reserved 1048576K
}
Event: 22.391 GC heap after
{Heap after GC invocations=43 (full 15):
 garbage-first heap   total 102400K, used 45344K [0x00000000c0000000, 0x0000000100000000)
  region size 1024K, 0 young (0K), 0 survivors (0K)
 Metaspace       used 9946K, capacity 11620K, committed 11904K, reserved 1058816K
  class space    used 1557K, capacity 1883K, committed 1920K, reserved 1048576K
}
Event: 22.753 GC heap before
{Heap before GC invocations=43 (full 15):
 garbage-first heap   total 102400K, used 76064K [0x00000000c0000000, 0x0000000100000000)
  region size 1024K, 30 young (30720K), 0 survivors (0K)
 Metaspace       used 10119K, capacity 11765K, committed 11904K, reserved 1058816K
  class space    used 1578K, capacity 1913K, committed 1920K, reserved 1048576K
}
Event: 22.764 GC heap after
{Heap after GC invocations=44 (full 15):
 garbage-first heap   total 102400K, used 49440K [0x00000000c0000000, 0x0000000100000000)
  region size 1024K, 4 young (4096K), 4 survivors (4096K)
 Metaspace       used 10119K, capacity 11765K, committed 11904K, reserved 1058816K
  class space    used 1578K, capacity 1913K, committed 1920K, reserved 1048576K
}
Event: 23.001 GC heap before
{Heap before GC invocations=45 (full 15):
 garbage-first heap   total 111616K, used 78112K [0x00000000c0000000, 0x0000000100000000)
  region size 1024K, 32 young (32768K), 4 survivors (4096K)
 Metaspace       used 10121K, capacity 11765K, committed 11904K, reserved 1058816K
  class space    used 1578K, capacity 1913K, committed 1920K, reserved 1048576K
}
Event: 23.024 GC heap after
{Heap after GC invocations=46 (full 15):
 garbage-first heap   total 248832K, used 52680K [0x00000000c0000000, 0x0000000100000000)
  region size 1024K, 4 young (4096K), 4 survivors (4096K)
 Metaspace       used 10121K, capacity 11765K, committed 11904K, reserved 1058816K
  class space    used 1578K, capacity 1913K, committed 1920K, reserved 1048576K
}
Event: 23.110 GC heap before
{Heap before GC invocations=46 (full 15):
 garbage-first heap   total 248832K, used 69064K [0x00000000c0000000, 0x0000000100000000)
  region size 1024K, 21 young (21504K), 4 survivors (4096K)
 Metaspace       used 10121K, capacity 11765K, committed 11904K, reserved 1058816K
  class space    used 1578K, capacity 1913K, committed 1920K, reserved 1048576K
}
Event: 23.234 GC heap after
{Heap after GC invocations=47 (full 16):
 garbage-first heap   total 188416K, used 54256K [0x00000000c0000000, 0x0000000100000000)
  region size 1024K, 0 young (0K), 0 survivors (0K)
 Metaspace       used 10121K, capacity 11765K, committed 11904K, reserved 1058816K
  class space    used 1578K, capacity 1913K, committed 1920K, reserved 1048576K
}
Event: 23.750 GC heap before
{Heap before GC invocations=47 (full 16):
 garbage-first heap   total 188416K, used 137200K [0x00000000c0000000, 0x0000000100000000)
  region size 1024K, 81 young (82944K), 0 survivors (0K)
 Metaspace       used 10213K, capacity 11868K, committed 12032K, reserved 1058816K
  class space    used 1621K, capacity 1948K, committed 2048K, reserved 1048576K
}
Event: 23.770 GC heap after
{Heap after GC invocations=48 (full 16):
 garbage-first heap   total 188416K, used 64221K [0x00000000c0000000, 0x0000000100000000)
  region size 1024K, 10 young (10240K), 10 survivors (10240K)
 Metaspace       used 10213K, capacity 11868K, committed 12032K, reserved 1058816K
  class space    used 1621K, capacity 1948K, committed 2048K, reserved 1048576K
}
Event: 23.825 GC heap before
{Heap before GC invocations=48 (full 16):
 garbage-first heap   total 188416K, used 79581K [0x00000000c0000000, 0x0000000100000000)
  region size 1024K, 26 young (26624K), 10 survivors (10240K)
 Metaspace       used 10215K, capacity 11868K, committed 12032K, reserved 1058816K
  class space    used 1621K, capacity 1948K, committed 2048K, reserved 1048576K
}
Event: 23.966 GC heap after
{Heap after GC invocations=49 (full 17):
 garbage-first heap   total 188416K, used 60642K [0x00000000c0000000, 0x0000000100000000)
  region size 1024K, 0 young (0K), 0 survivors (0K)
 Metaspace       used 10215K, capacity 11868K, committed 12032K, reserved 1058816K
  class space    used 1621K, capacity 1948K, committed 2048K, reserved 1048576K
}
Event: 24.202 GC heap before
{Heap before GC invocations=49 (full 17):
 garbage-first heap   total 188416K, used 135394K [0x00000000c0000000, 0x0000000100000000)
  region size 1024K, 73 young (74752K), 0 survivors (0K)
 Metaspace       used 10219K, capacity 11869K, committed 12032K, reserved 1058816K
  class space    used 1621K, capacity 1948K, committed 2048K, reserved 1048576K
}
Event: 24.221 GC heap after
{Heap after GC invocations=50 (full 17):
 garbage-first heap   total 188416K, used 69242K [0x00000000c0000000, 0x0000000100000000)
  region size 1024K, 9 young (9216K), 9 survivors (9216K)
 Metaspace       used 10219K, capacity 11869K, committed 12032K, reserved 1058816K
  class space    used 1621K, capacity 1948K, committed 2048K, reserved 1048576K
}
Event: 24.527 GC heap before
{Heap before GC invocations=50 (full 17):
 garbage-first heap   total 188416K, used 139898K [0x00000000c0000000, 0x0000000100000000)
  region size 1024K, 78 young (79872K), 9 survivors (9216K)
 Metaspace       used 10219K, capacity 11869K, committed 12032K, reserved 1058816K
  class space    used 1621K, capacity 1948K, committed 2048K, reserved 1048576K
}
Event: 24.557 GC heap after
{Heap after GC invocations=51 (full 17):
 garbage-first heap   total 188416K, used 76520K [0x00000000c0000000, 0x0000000100000000)
  region size 1024K, 9 young (9216K), 9 survivors (9216K)
 Metaspace       used 10219K, capacity 11869K, committed 12032K, reserved 1058816K
  class space    used 1621K, capacity 1948K, committed 2048K, reserved 1048576K
}
Event: 24.803 GC heap before
{Heap before GC invocations=51 (full 17):
 garbage-first heap   total 188416K, used 143080K [0x00000000c0000000, 0x0000000100000000)
  region size 1024K, 74 young (75776K), 9 survivors (9216K)
 Metaspace       used 10221K, capacity 11869K, committed 12032K, reserved 1058816K
  class space    used 1621K, capacity 1948K, committed 2048K, reserved 1048576K
}
Event: 24.830 GC heap after
{Heap after GC invocations=52 (full 17):
 garbage-first heap   total 311296K, used 83477K [0x00000000c0000000, 0x0000000100000000)
  region size 1024K, 8 young (8192K), 8 survivors (8192K)
 Metaspace       used 10221K, capacity 11869K, committed 12032K, reserved 1058816K
  class space    used 1621K, capacity 1948K, committed 2048K, reserved 1048576K
}
Event: 24.925 GC heap before
{Heap before GC invocations=52 (full 17):
 garbage-first heap   total 311296K, used 100885K [0x00000000c0000000, 0x0000000100000000)
  region size 1024K, 26 young (26624K), 8 survivors (8192K)
 Metaspace       used 10221K, capacity 11869K, committed 12032K, reserved 1058816K
  class space    used 1621K, capacity 1948K, committed 2048K, reserved 1048576K
}
Event: 25.132 GC heap after
{Heap after GC invocations=53 (full 18):
 garbage-first heap   total 283648K, used 83554K [0x00000000c0000000, 0x0000000100000000)
  region size 1024K, 0 young (0K), 0 survivors (0K)
 Metaspace       used 10221K, capacity 11869K, committed 12032K, reserved 1058816K
  class space    used 1621K, capacity 1948K, committed 2048K, reserved 1048576K
}

