# JRE version: Java(TM) SE Runtime Environment (14.0.2+12) (build 14.0.2+12-46)
# Java VM: Java HotSpot(TM) 64-Bit Server VM (14.0.2+12-46, mixed mode, sharing, tiered, compressed oops, g1 gc, windows-amd64)
Heap:
 garbage-first heap   total 377856K, used 79950K [0x00000000c0000000, 0x0000000100000000)
  region size 1024K, 1 young (1024K), 1 survivors (1024K)
 Metaspace       used 10934K, capacity 12606K, committed 12800K, reserved 1060864K
  class space    used 1664K, capacity 2000K, committed 2048K, reserved 1048576K
GC Heap History (20 events):
Event: 3.649 GC heap after
{Heap after GC invocations=26 (full 7):
 garbage-first heap   total 122880K, used 45192K [0x00000000c0000000, 0x0000000100000000)
  region size 1024K, 0 young (0K), 0 survivors (0K)
 Metaspace       used 9848K, capacity 11534K, committed 11648K, reserved 1058816K
  class space    used 1545K, capacity 1871K, committed 1920K, reserved 1048576K
}
Event: 3.924 GC heap before
{Heap before GC invocations=26 (full 7):
 garbage-first heap   total 122880K, used 88200K [0x00000000c0000000, 0x0000000100000000)
  region size 1024K, 42 young (43008K), 0 survivors (0K)
 Metaspace       used 10129K, capacity 11827K, committed 11904K, reserved 1058816K
  class space    used 1576K, capacity 1913K, committed 1920K, reserved 1048576K
}
Event: 3.940 GC heap after
{Heap after GC invocations=27 (full 7):
 garbage-first heap   total 122880K, used 50312K [0x00000000c0000000, 0x0000000100000000)
  region size 1024K, 5 young (5120K), 5 survivors (5120K)
 Metaspace       used 10129K, capacity 11827K, committed 11904K, reserved 1058816K
  class space    used 1576K, capacity 1913K, committed 1920K, reserved 1048576K
}
Event: 4.035 GC heap before
{Heap before GC invocations=27 (full 7):
 garbage-first heap   total 122880K, used 92296K [0x00000000c0000000, 0x0000000100000000)
  region size 1024K, 46 young (47104K), 5 survivors (5120K)
 Metaspace       used 10129K, capacity 11827K, committed 11904K, reserved 1058816K
  class space    used 1576K, capacity 1913K, committed 1920K, reserved 1048576K
}
Event: 4.056 GC heap after
{Heap after GC invocations=28 (full 7):
 garbage-first heap   total 122880K, used 55969K [0x00000000c0000000, 0x0000000100000000)
  region size 1024K, 6 young (6144K), 6 survivors (6144K)
 Metaspace       used 10129K, capacity 11827K, committed 11904K, reserved 1058816K
  class space    used 1576K, capacity 1913K, committed 1920K, reserved 1048576K
}
Event: 4.160 GC heap before
{Heap before GC invocations=28 (full 7):
 garbage-first heap   total 122880K, used 94881K [0x00000000c0000000, 0x0000000100000000)
  region size 1024K, 44 young (45056K), 6 survivors (6144K)
 Metaspace       used 10129K, capacity 11827K, committed 11904K, reserved 1058816K
  class space    used 1576K, capacity 1913K, committed 1920K, reserved 1048576K
}
Event: 4.188 GC heap after
{Heap after GC invocations=29 (full 7):
 garbage-first heap   total 277504K, used 60777K [0x00000000c0000000, 0x0000000100000000)
  region size 1024K, 6 young (6144K), 6 survivors (6144K)
 Metaspace       used 10129K, capacity 11827K, committed 11904K, reserved 1058816K
  class space    used 1576K, capacity 1913K, committed 1920K, reserved 1048576K
}
Event: 4.256 GC heap before
{Heap before GC invocations=29 (full 7):
 garbage-first heap   total 277504K, used 73065K [0x00000000c0000000, 0x0000000100000000)
  region size 1024K, 19 young (19456K), 6 survivors (6144K)
 Metaspace       used 10176K, capacity 11860K, committed 12032K, reserved 1058816K
  class space    used 1608K, capacity 1945K, committed 2048K, reserved 1048576K
}
Event: 4.362 GC heap after
{Heap after GC invocations=30 (full 8):
 garbage-first heap   total 211968K, used 60784K [0x00000000c0000000, 0x0000000100000000)
  region size 1024K, 0 young (0K), 0 survivors (0K)
 Metaspace       used 10176K, capacity 11860K, committed 12032K, reserved 1058816K
  class space    used 1608K, capacity 1945K, committed 2048K, reserved 1048576K
}
Event: 4.581 GC heap before
{Heap before GC invocations=30 (full 8):
 garbage-first heap   total 211968K, used 143728K [0x00000000c0000000, 0x0000000100000000)
  region size 1024K, 81 young (82944K), 0 survivors (0K)
 Metaspace       used 10189K, capacity 11867K, committed 12032K, reserved 1058816K
  class space    used 1611K, capacity 1948K, committed 2048K, reserved 1048576K
}
Event: 4.595 GC heap after
{Heap after GC invocations=31 (full 8):
 garbage-first heap   total 211968K, used 70000K [0x00000000c0000000, 0x0000000100000000)
  region size 1024K, 9 young (9216K), 9 survivors (9216K)
 Metaspace       used 10189K, capacity 11867K, committed 12032K, reserved 1058816K
  class space    used 1611K, capacity 1948K, committed 2048K, reserved 1048576K
}
Event: 4.633 GC heap before
{Heap before GC invocations=31 (full 8):
 garbage-first heap   total 211968K, used 88432K [0x00000000c0000000, 0x0000000100000000)
  region size 1024K, 28 young (28672K), 9 survivors (9216K)
 Metaspace       used 10189K, capacity 11867K, committed 12032K, reserved 1058816K
  class space    used 1611K, capacity 1948K, committed 2048K, reserved 1048576K
}
Event: 4.720 GC heap after
{Heap after GC invocations=32 (full 9):
 garbage-first heap   total 211968K, used 67097K [0x00000000c0000000, 0x0000000100000000)
  region size 1024K, 0 young (0K), 0 survivors (0K)
 Metaspace       used 10189K, capacity 11867K, committed 12032K, reserved 1058816K
  class space    used 1611K, capacity 1948K, committed 2048K, reserved 1048576K
}
Event: 4.868 GC heap before
{Heap before GC invocations=32 (full 9):
 garbage-first heap   total 211968K, used 157209K [0x00000000c0000000, 0x0000000100000000)
  region size 1024K, 88 young (90112K), 0 survivors (0K)
 Metaspace       used 10190K, capacity 11867K, committed 12032K, reserved 1058816K
  class space    used 1611K, capacity 1948K, committed 2048K, reserved 1048576K
}
Event: 4.882 GC heap after
{Heap after GC invocations=33 (full 9):
 garbage-first heap   total 211968K, used 77728K [0x00000000c0000000, 0x0000000100000000)
  region size 1024K, 11 young (11264K), 11 survivors (11264K)
 Metaspace       used 10190K, capacity 11867K, committed 12032K, reserved 1058816K
  class space    used 1611K, capacity 1948K, committed 2048K, reserved 1048576K
}
Event: 5.094 GC heap before
{Heap before GC invocations=33 (full 9):
 garbage-first heap   total 211968K, used 160672K [0x00000000c0000000, 0x0000000100000000)
  region size 1024K, 92 young (94208K), 11 survivors (11264K)
 Metaspace       used 10578K, capacity 12232K, committed 12544K, reserved 1060864K
  class space    used 1642K, capacity 1959K, committed 2048K, reserved 1048576K
}
Event: 5.123 GC heap after
{Heap after GC invocations=34 (full 9):
 garbage-first heap   total 211968K, used 85367K [0x00000000c0000000, 0x0000000100000000)
  region size 1024K, 9 young (9216K), 9 survivors (9216K)
 Metaspace       used 10578K, capacity 12232K, committed 12544K, reserved 1060864K
  class space    used 1642K, capacity 1959K, committed 2048K, reserved 1048576K
}
Event: 5.800 GC heap before
{Heap before GC invocations=34 (full 9):
 garbage-first heap   total 211968K, used 136567K [0x00000000c0000000, 0x0000000100000000)
  region size 1024K, 60 young (61440K), 9 survivors (9216K)
 Metaspace       used 10891K, capacity 12538K, committed 12800K, reserved 1060864K
  class space    used 1664K, capacity 2000K, committed 2048K, reserved 1048576K
}
Event: 5.904 GC heap after
{Heap after GC invocations=35 (full 10):
 garbage-first heap   total 211968K, used 78926K [0x00000000c0000000, 0x0000000100000000)
  region size 1024K, 0 young (0K), 0 survivors (0K)
 Metaspace       used 10891K, capacity 12538K, committed 12800K, reserved 1060864K
  class space    used 1664K, capacity 2000K, committed 2048K, reserved 1048576K
}
Event: 6.619 GC heap before
{Heap before GC invocations=35 (full 10):
 garbage-first heap   total 211968K, used 162894K [0x00000000c0000000, 0x0000000100000000)
  region size 1024K, 82 young (83968K), 0 survivors (0K)
 Metaspace       used 10934K, capacity 12606K, committed 12800K, reserved 1060864K
  class space    used 1664K, capacity 2000K, committed 2048K, reserved 1048576K
}

