# JRE version: Java(TM) SE Runtime Environment (14.0.2+12) (build 14.0.2+12-46)
# Java VM: Java HotSpot(TM) 64-Bit Server VM (14.0.2+12-46, mixed mode, sharing, tiered, compressed oops, g1 gc, windows-amd64)
Heap:
 garbage-first heap   total 215040K, used 133943K [0x00000000c0000000, 0x0000000100000000)
  region size 1024K, 63 young (64512K), 10 survivors (10240K)
 Metaspace       used 10466K, capacity 12121K, committed 12288K, reserved 1058816K
  class space    used 1657K, capacity 1991K, committed 2048K, reserved 1048576K
GC Heap History (20 events):
Event: 5.126 GC heap before
{Heap before GC invocations=26 (full 6):
 garbage-first heap   total 116736K, used 58275K [0x00000000c0000000, 0x0000000100000000)
  region size 1024K, 18 young (18432K), 7 survivors (7168K)
 Metaspace       used 10108K, capacity 11753K, committed 11904K, reserved 1058816K
  class space    used 1578K, capacity 1913K, committed 1920K, reserved 1048576K
}
Event: 5.220 GC heap after
{Heap after GC invocations=27 (full 7):
 garbage-first heap   total 116736K, used 46568K [0x00000000c0000000, 0x0000000100000000)
  region size 1024K, 0 young (0K), 0 survivors (0K)
 Metaspace       used 10108K, capacity 11753K, committed 11904K, reserved 1058816K
  class space    used 1578K, capacity 1913K, committed 1920K, reserved 1048576K
}
Event: 5.396 GC heap before
{Heap before GC invocations=27 (full 7):
 garbage-first heap   total 116736K, used 85480K [0x00000000c0000000, 0x0000000100000000)
  region size 1024K, 38 young (38912K), 0 survivors (0K)
 Metaspace       used 10128K, capacity 11828K, committed 11904K, reserved 1058816K
  class space    used 1578K, capacity 1913K, committed 1920K, reserved 1048576K
}
Event: 5.411 GC heap after
{Heap after GC invocations=28 (full 7):
 garbage-first heap   total 116736K, used 51688K [0x00000000c0000000, 0x0000000100000000)
  region size 1024K, 5 young (5120K), 5 survivors (5120K)
 Metaspace       used 10128K, capacity 11828K, committed 11904K, reserved 1058816K
  class space    used 1578K, capacity 1913K, committed 1920K, reserved 1048576K
}
Event: 5.573 GC heap before
{Heap before GC invocations=28 (full 7):
 garbage-first heap   total 116736K, used 88552K [0x00000000c0000000, 0x0000000100000000)
  region size 1024K, 41 young (41984K), 5 survivors (5120K)
 Metaspace       used 10128K, capacity 11828K, committed 11904K, reserved 1058816K
  class space    used 1578K, capacity 1913K, committed 1920K, reserved 1048576K
}
Event: 5.599 GC heap after
{Heap after GC invocations=29 (full 7):
 garbage-first heap   total 116736K, used 56184K [0x00000000c0000000, 0x0000000100000000)
  region size 1024K, 5 young (5120K), 5 survivors (5120K)
 Metaspace       used 10128K, capacity 11828K, committed 11904K, reserved 1058816K
  class space    used 1578K, capacity 1913K, committed 1920K, reserved 1048576K
}
Event: 5.659 GC heap before
{Heap before GC invocations=29 (full 7):
 garbage-first heap   total 116736K, used 70520K [0x00000000c0000000, 0x0000000100000000)
  region size 1024K, 20 young (20480K), 5 survivors (5120K)
 Metaspace       used 10128K, capacity 11828K, committed 11904K, reserved 1058816K
  class space    used 1578K, capacity 1913K, committed 1920K, reserved 1048576K
}
Event: 5.800 GC heap after
{Heap after GC invocations=30 (full 8):
 garbage-first heap   total 116736K, used 57206K [0x00000000c0000000, 0x0000000100000000)
  region size 1024K, 0 young (0K), 0 survivors (0K)
 Metaspace       used 10128K, capacity 11828K, committed 11904K, reserved 1058816K
  class space    used 1578K, capacity 1913K, committed 1920K, reserved 1048576K
}
Event: 5.974 GC heap before
{Heap before GC invocations=30 (full 8):
 garbage-first heap   total 116736K, used 90998K [0x00000000c0000000, 0x0000000100000000)
  region size 1024K, 33 young (33792K), 0 survivors (0K)
 Metaspace       used 10196K, capacity 11861K, committed 12032K, reserved 1058816K
  class space    used 1618K, capacity 1945K, committed 2048K, reserved 1048576K
}
Event: 5.990 GC heap after
{Heap after GC invocations=31 (full 8):
 garbage-first heap   total 241664K, used 62266K [0x00000000c0000000, 0x0000000100000000)
  region size 1024K, 5 young (5120K), 5 survivors (5120K)
 Metaspace       used 10196K, capacity 11861K, committed 12032K, reserved 1058816K
  class space    used 1618K, capacity 1945K, committed 2048K, reserved 1048576K
}
Event: 6.111 GC heap before
{Heap before GC invocations=31 (full 8):
 garbage-first heap   total 241664K, used 74554K [0x00000000c0000000, 0x0000000100000000)
  region size 1024K, 18 young (18432K), 5 survivors (5120K)
 Metaspace       used 10203K, capacity 11867K, committed 12032K, reserved 1058816K
  class space    used 1621K, capacity 1948K, committed 2048K, reserved 1048576K
}
Event: 6.237 GC heap after
{Heap after GC invocations=32 (full 9):
 garbage-first heap   total 215040K, used 62220K [0x00000000c0000000, 0x0000000100000000)
  region size 1024K, 0 young (0K), 0 survivors (0K)
 Metaspace       used 10203K, capacity 11867K, committed 12032K, reserved 1058816K
  class space    used 1621K, capacity 1948K, committed 2048K, reserved 1048576K
}
Event: 6.295 GC heap before
{Heap before GC invocations=32 (full 9):
 garbage-first heap   total 215040K, used 75532K [0x00000000c0000000, 0x0000000100000000)
  region size 1024K, 14 young (14336K), 0 survivors (0K)
 Metaspace       used 10207K, capacity 11867K, committed 12032K, reserved 1058816K
  class space    used 1621K, capacity 1948K, committed 2048K, reserved 1048576K
}
Event: 6.386 GC heap after
{Heap after GC invocations=33 (full 10):
 garbage-first heap   total 215040K, used 63452K [0x00000000c0000000, 0x0000000100000000)
  region size 1024K, 0 young (0K), 0 survivors (0K)
 Metaspace       used 10207K, capacity 11867K, committed 12032K, reserved 1058816K
  class space    used 1621K, capacity 1948K, committed 2048K, reserved 1048576K
}
Event: 6.712 GC heap before
{Heap before GC invocations=33 (full 10):
 garbage-first heap   total 215040K, used 152540K [0x00000000c0000000, 0x0000000100000000)
  region size 1024K, 87 young (89088K), 0 survivors (0K)
 Metaspace       used 10211K, capacity 11868K, committed 12032K, reserved 1058816K
  class space    used 1621K, capacity 1948K, committed 2048K, reserved 1048576K
}
Event: 6.731 GC heap after
{Heap after GC invocations=34 (full 10):
 garbage-first heap   total 215040K, used 73692K [0x00000000c0000000, 0x0000000100000000)
  region size 1024K, 10 young (10240K), 10 survivors (10240K)
 Metaspace       used 10211K, capacity 11868K, committed 12032K, reserved 1058816K
  class space    used 1621K, capacity 1948K, committed 2048K, reserved 1048576K
}
Event: 6.803 GC heap before
{Heap before GC invocations=34 (full 10):
 garbage-first heap   total 215040K, used 90076K [0x00000000c0000000, 0x0000000100000000)
  region size 1024K, 27 young (27648K), 10 survivors (10240K)
 Metaspace       used 10211K, capacity 11868K, committed 12032K, reserved 1058816K
  class space    used 1621K, capacity 1948K, committed 2048K, reserved 1048576K
}
Event: 6.908 GC heap after
{Heap after GC invocations=35 (full 11):
 garbage-first heap   total 215040K, used 70455K [0x00000000c0000000, 0x0000000100000000)
  region size 1024K, 0 young (0K), 0 survivors (0K)
 Metaspace       used 10211K, capacity 11868K, committed 12032K, reserved 1058816K
  class space    used 1621K, capacity 1948K, committed 2048K, reserved 1048576K
}
Event: 7.196 GC heap before
{Heap before GC invocations=35 (full 11):
 garbage-first heap   total 215040K, used 155447K [0x00000000c0000000, 0x0000000100000000)
  region size 1024K, 83 young (84992K), 0 survivors (0K)
 Metaspace       used 10211K, capacity 11868K, committed 12032K, reserved 1058816K
  class space    used 1621K, capacity 1948K, committed 2048K, reserved 1048576K
}
Event: 7.213 GC heap after
{Heap after GC invocations=36 (full 11):
 garbage-first heap   total 215040K, used 80695K [0x00000000c0000000, 0x0000000100000000)
  region size 1024K, 10 young (10240K), 10 survivors (10240K)
 Metaspace       used 10211K, capacity 11868K, committed 12032K, reserved 1058816K
  class space    used 1621K, capacity 1948K, committed 2048K, reserved 1048576K
}

