# JRE version: Java(TM) SE Runtime Environment (14.0.2+12) (build 14.0.2+12-46)
# Java VM: Java HotSpot(TM) 64-Bit Server VM (14.0.2+12-46, mixed mode, sharing, tiered, compressed oops, g1 gc, windows-amd64)
Heap:
 garbage-first heap   total 315392K, used 73992K [0x00000000c0000000, 0x0000000100000000)
  region size 1024K, 6 young (6144K), 6 survivors (6144K)
 Metaspace       used 10198K, capacity 11868K, committed 12032K, reserved 1058816K
  class space    used 1611K, capacity 1948K, committed 2048K, reserved 1048576K
GC Heap History (20 events):
Event: 12.793 GC heap after
{Heap after GC invocations=38 (full 13):
 garbage-first heap   total 92160K, used 30412K [0x00000000c0000000, 0x0000000100000000)
  region size 1024K, 4 young (4096K), 4 survivors (4096K)
 Metaspace       used 8548K, capacity 10388K, committed 10624K, reserved 1058816K
  class space    used 1309K, capacity 1598K, committed 1664K, reserved 1048576K
}
Event: 12.838 GC heap before
{Heap before GC invocations=38 (full 13):
 garbage-first heap   total 92160K, used 43724K [0x00000000c0000000, 0x0000000100000000)
  region size 1024K, 18 young (18432K), 4 survivors (4096K)
 Metaspace       used 8548K, capacity 10388K, committed 10624K, reserved 1058816K
  class space    used 1309K, capacity 1598K, committed 1664K, reserved 1048576K
}
Event: 12.910 GC heap after
{Heap after GC invocations=39 (full 14):
 garbage-first heap   total 92160K, used 30530K [0x00000000c0000000, 0x0000000100000000)
  region size 1024K, 0 young (0K), 0 survivors (0K)
 Metaspace       used 8548K, capacity 10388K, committed 10624K, reserved 1058816K
  class space    used 1309K, capacity 1598K, committed 1664K, reserved 1048576K
}
Event: 13.115 GC heap before
{Heap before GC invocations=39 (full 14):
 garbage-first heap   total 92160K, used 68418K [0x00000000c0000000, 0x0000000100000000)
  region size 1024K, 28 young (28672K), 0 survivors (0K)
 Metaspace       used 8553K, capacity 10388K, committed 10624K, reserved 1058816K
  class space    used 1309K, capacity 1598K, committed 1664K, reserved 1048576K
}
Event: 13.144 GC heap after
{Heap after GC invocations=40 (full 14):
 garbage-first heap   total 92160K, used 48938K [0x00000000c0000000, 0x0000000100000000)
  region size 1024K, 5 young (5120K), 5 survivors (5120K)
 Metaspace       used 8553K, capacity 10388K, committed 10624K, reserved 1058816K
  class space    used 1309K, capacity 1598K, committed 1664K, reserved 1048576K
}
Event: 13.507 GC heap before
{Heap before GC invocations=41 (full 14):
 garbage-first heap   total 96256K, used 69418K [0x00000000c0000000, 0x0000000100000000)
  region size 1024K, 25 young (25600K), 5 survivors (5120K)
 Metaspace       used 9671K, capacity 11353K, committed 11648K, reserved 1058816K
  class space    used 1513K, capacity 1827K, committed 1920K, reserved 1048576K
}
Event: 13.538 GC heap after
{Heap after GC invocations=42 (full 14):
 garbage-first heap   total 96256K, used 53312K [0x00000000c0000000, 0x0000000100000000)
  region size 1024K, 4 young (4096K), 4 survivors (4096K)
 Metaspace       used 9671K, capacity 11353K, committed 11648K, reserved 1058816K
  class space    used 1513K, capacity 1827K, committed 1920K, reserved 1048576K
}
Event: 13.595 GC heap before
{Heap before GC invocations=42 (full 14):
 garbage-first heap   total 96256K, used 69696K [0x00000000c0000000, 0x0000000100000000)
  region size 1024K, 22 young (22528K), 4 survivors (4096K)
 Metaspace       used 9674K, capacity 11353K, committed 11648K, reserved 1058816K
  class space    used 1513K, capacity 1827K, committed 1920K, reserved 1048576K
}
Event: 13.614 GC heap after
{Heap after GC invocations=43 (full 14):
 garbage-first heap   total 234496K, used 56982K [0x00000000c0000000, 0x0000000100000000)
  region size 1024K, 3 young (3072K), 3 survivors (3072K)
 Metaspace       used 9674K, capacity 11353K, committed 11648K, reserved 1058816K
  class space    used 1513K, capacity 1827K, committed 1920K, reserved 1048576K
}
Event: 13.764 GC heap before
{Heap before GC invocations=44 (full 14):
 garbage-first heap   total 194560K, used 58195K [0x00000000c0000000, 0x0000000100000000)
  region size 1024K, 12 young (12288K), 3 survivors (3072K)
 Metaspace       used 9839K, capacity 11540K, committed 11648K, reserved 1058816K
  class space    used 1548K, capacity 1874K, committed 1920K, reserved 1048576K
}
Event: 13.831 GC heap after
{Heap after GC invocations=45 (full 15):
 garbage-first heap   total 157696K, used 45193K [0x00000000c0000000, 0x0000000100000000)
  region size 1024K, 0 young (0K), 0 survivors (0K)
 Metaspace       used 9839K, capacity 11540K, committed 11648K, reserved 1058816K
  class space    used 1548K, capacity 1874K, committed 1920K, reserved 1048576K
}
Event: 14.197 GC heap before
{Heap before GC invocations=45 (full 15):
 garbage-first heap   total 157696K, used 110729K [0x00000000c0000000, 0x0000000100000000)
  region size 1024K, 64 young (65536K), 0 survivors (0K)
 Metaspace       used 10109K, capacity 11764K, committed 11904K, reserved 1058816K
  class space    used 1577K, capacity 1913K, committed 1920K, reserved 1048576K
}
Event: 14.212 GC heap after
{Heap after GC invocations=46 (full 15):
 garbage-first heap   total 157696K, used 53385K [0x00000000c0000000, 0x0000000100000000)
  region size 1024K, 8 young (8192K), 8 survivors (8192K)
 Metaspace       used 10109K, capacity 11764K, committed 11904K, reserved 1058816K
  class space    used 1577K, capacity 1913K, committed 1920K, reserved 1048576K
}
Event: 14.262 GC heap before
{Heap before GC invocations=46 (full 15):
 garbage-first heap   total 157696K, used 69769K [0x00000000c0000000, 0x0000000100000000)
  region size 1024K, 25 young (25600K), 8 survivors (8192K)
 Metaspace       used 10109K, capacity 11764K, committed 11904K, reserved 1058816K
  class space    used 1577K, capacity 1913K, committed 1920K, reserved 1048576K
}
Event: 14.339 GC heap after
{Heap after GC invocations=47 (full 16):
 garbage-first heap   total 157696K, used 54880K [0x00000000c0000000, 0x0000000100000000)
  region size 1024K, 0 young (0K), 0 survivors (0K)
 Metaspace       used 10109K, capacity 11764K, committed 11904K, reserved 1058816K
  class space    used 1577K, capacity 1913K, committed 1920K, reserved 1048576K
}
Event: 14.533 GC heap before
{Heap before GC invocations=47 (full 16):
 garbage-first heap   total 157696K, used 113248K [0x00000000c0000000, 0x0000000100000000)
  region size 1024K, 57 young (58368K), 0 survivors (0K)
 Metaspace       used 10183K, capacity 11861K, committed 12032K, reserved 1058816K
  class space    used 1608K, capacity 1945K, committed 2048K, reserved 1048576K
}
Event: 14.549 GC heap after
{Heap after GC invocations=48 (full 16):
 garbage-first heap   total 157696K, used 62490K [0x00000000c0000000, 0x0000000100000000)
  region size 1024K, 8 young (8192K), 8 survivors (8192K)
 Metaspace       used 10183K, capacity 11861K, committed 12032K, reserved 1058816K
  class space    used 1608K, capacity 1945K, committed 2048K, reserved 1048576K
}
Event: 14.717 GC heap before
{Heap before GC invocations=48 (full 16):
 garbage-first heap   total 157696K, used 115738K [0x00000000c0000000, 0x0000000100000000)
  region size 1024K, 60 young (61440K), 8 survivors (8192K)
 Metaspace       used 10196K, capacity 11867K, committed 12032K, reserved 1058816K
  class space    used 1611K, capacity 1948K, committed 2048K, reserved 1048576K
}
Event: 14.740 GC heap after
{Heap after GC invocations=49 (full 16):
 garbage-first heap   total 157696K, used 67764K [0x00000000c0000000, 0x0000000100000000)
  region size 1024K, 6 young (6144K), 6 survivors (6144K)
 Metaspace       used 10196K, capacity 11867K, committed 12032K, reserved 1058816K
  class space    used 1611K, capacity 1948K, committed 2048K, reserved 1048576K
}
Event: 14.828 GC heap before
{Heap before GC invocations=49 (full 16):
 garbage-first heap   total 157696K, used 118964K [0x00000000c0000000, 0x0000000100000000)
  region size 1024K, 56 young (57344K), 6 survivors (6144K)
 Metaspace       used 10198K, capacity 11868K, committed 12032K, reserved 1058816K
  class space    used 1611K, capacity 1948K, committed 2048K, reserved 1048576K
}

